build/app/outputs/mapping/release/seeds.txt
com.example.namaste_yoga.MainActivity
com.example.namaste_yoga.MainActivity: MainActivity()
...
androidx.window.layout.WindowMetricsCalculatorDecorator
androidx.lifecycle.ReflectiveGenericLifecycleObserver
androidx.window.layout.WindowMetricsCalculator$Companion$decorator$1
androidx.core.graphics.drawable.IconCompat
androidx.window.layout.SidecarCompat$Companion
androidx.window.layout.WindowBackend
kotlinx.coroutines.CoroutineExceptionHandler
androidx.window.core.ExperimentalWindowApi
androidx.window.layout.SidecarWindowBackend$ExtensionListenerImpl
kotlinx.coroutines.internal.MainDispatcherFactory
androidx.window.embedding.EmbeddingInterfaceCompat
androidx.window.embedding.EmbeddingCompat
androidx.window.layout.ExtensionsWindowLayoutInfoAdapter
androidx.window.layout.WindowMetricsCalculator$Companion
androidx.window.layout.SidecarCompat$DistinctSidecarElementCallback
androidx.window.layout.HardwareFoldingFeature$Companion
androidx.window.layout.FoldingFeature
androidx.window.layout.SidecarWindowBackend$Companion
androidx.window.layout.ExtensionInterfaceCompat
io.flutter.embedding.engine.FlutterJNI
io.flutter.view.AccessibilityViewEmbedder
androidx.window.layout.FoldingFeature$State
androidx.core.graphics.drawable.IconCompatParcelizer
io.flutter.plugins.urllauncher.WebViewActivity
androidx.lifecycle.FullLifecycleObserverAdapter
androidx.activity.ImmLeaksCleaner
androidx.window.layout.WindowInfoTrackerImpl
androidx.window.layout.WindowInfoTracker$Companion
androidx.window.layout.ExtensionInterfaceCompat$ExtensionCallbackInterface
androidx.window.layout.WindowMetricsCalculator$Companion$overrideDecorator$1
androidx.window.layout.SidecarCompat$registerConfigurationChangeListener$configChangeObserver$1
androidx.window.layout.SidecarCompat$TranslatingCallback
androidx.window.embedding.SplitController
io.flutter.plugin.editing.ImeSyncDeferringInsetsCallback$AnimationCallback
androidx.window.embedding.ExtensionEmbeddingBackend$Companion
androidx.activity.OnBackPressedDispatcher$LifecycleOnBackPressedCancellable
androidx.window.layout.SidecarAdapter$Companion
androidx.window.embedding.EmbeddingRule
androidx.window.layout.ExtensionWindowLayoutInfoBackend$MulticastConsumer
io.flutter.embedding.engine.plugins.lifecycle.HiddenLifecycleReference
kotlin.coroutines.jvm.internal.BaseContinuationImpl
androidx.core.app.RemoteActionCompatParcelizer
androidx.window.R$id
androidx.window.layout.ActivityCompatHelperApi24
androidx.window.layout.FoldingFeature$OcclusionType
androidx.window.embedding.ExtensionEmbeddingBackend$EmbeddingCallbackImpl
androidx.window.layout.SidecarCompat$FirstAttachAdapter
androidx.window.embedding.SplitInfo
kotlinx.coroutines.internal.StackTraceRecoveryKt
androidx.window.layout.HardwareFoldingFeature$Type$Companion
androidx.activity.ComponentActivity$2
androidx.versionedparcelable.CustomVersionedParcelable
kotlin.internal.jdk7.JDK7PlatformImplementations
androidx.window.embedding.SplitController$Companion
androidx.window.layout.SidecarWindowBackend
androidx.window.java.layout.WindowInfoTrackerCallbackAdapter
androidx.lifecycle.CompositeGeneratedAdaptersObserver
androidx.savedstate.Recreator
androidx.window.embedding.SplitPairRule
androidx.lifecycle.LiveData$LifecycleBoundObserver
io.flutter.plugins.GeneratedPluginRegistrant
androidx.window.layout.ActivityCompatHelperApi30
androidx.window.embedding.MatcherUtils
androidx.lifecycle.SingleGeneratedAdapterObserver
androidx.window.core.Version
androidx.window.R$attr
io.flutter.plugin.editing.ImeSyncDeferringInsetsCallback
androidx.annotation.Keep
io.flutter.embedding.android.FlutterSplashView$SavedState
androidx.window.layout.HardwareFoldingFeature$Type
androidx.window.embedding.ActivityRule
androidx.window.layout.SidecarAdapter
androidx.window.layout.SidecarCompat
io.flutter.embedding.engine.renderer.SurfaceTextureWrapper
io.flutter.embedding.engine.mutatorsstack.FlutterMutatorsStack
androidx.window.layout.WindowMetricsCalculator$Companion$reset$1
androidx.window.java.layout.WindowInfoTrackerCallbackAdapter$addListener$1$1
androidx.window.embedding.EmbeddingBackend