build/app/outputs/mapping/release/mapping.txt
# compiler: R8
# compiler_version: 3.3.70
# min_api: 21
# common_typos_disable
# {"id":"com.android.tools.r8.mapping","version":"2.0"}
# pg_map_id: 16bfac4
# pg_map_hash: SHA-256 16bfac46913669096e12608d8e8f551102e6cf9995c9b549d78cf5d74d3715b5
...
kotlinx.coroutines.channels.Send -> y0.s:
    kotlinx.coroutines.internal.Symbol tryResumeSend(kotlinx.coroutines.internal.LockFreeLinkedListNode$PrepareOp) -> A
    void undeliveredElement() -> B
    void completeResumeSend() -> y
    java.lang.Object getPollResult() -> z
kotlinx.coroutines.channels.SendChannel -> y0.t:
    java.lang.Object trySend-JP2dKIU(java.lang.Object) -> a
kotlinx.coroutines.flow.AbstractFlow -> z0.a:
    java.lang.Object collect(kotlinx.coroutines.flow.FlowCollector,kotlin.coroutines.Continuation) -> a
    java.lang.Object collectSafely(kotlinx.coroutines.flow.FlowCollector,kotlin.coroutines.Continuation) -> b
kotlinx.coroutines.flow.AbstractFlow$collect$1 -> z0.a$a:
    java.lang.Object L$0 -> d
    java.lang.Object result -> e
    kotlinx.coroutines.flow.AbstractFlow this$0 -> f
    int label -> g
kotlinx.coroutines.flow.Flow -> z0.b:
    java.lang.Object collect(kotlinx.coroutines.flow.FlowCollector,kotlin.coroutines.Continuation) -> a
kotlinx.coroutines.flow.FlowCollector -> z0.c:
kotlinx.coroutines.flow.FlowKt -> z0.d:
    kotlinx.coroutines.flow.Flow flow(kotlin.jvm.functions.Function2) -> a
kotlinx.coroutines.flow.FlowKt__BuildersKt -> z0.e:
    kotlinx.coroutines.flow.Flow flow(kotlin.jvm.functions.Function2) -> a
kotlinx.coroutines.flow.SafeFlow -> z0.f:
    kotlin.jvm.functions.Function2 block -> a
    java.lang.Object collectSafely(kotlinx.coroutines.flow.FlowCollector,kotlin.coroutines.Continuation) -> b
kotlinx.coroutines.flow.internal.DownstreamExceptionElement -> a1.a:
    kotlin.coroutines.CoroutineContext$Key key -> e
    java.lang.Throwable e -> d
    kotlinx.coroutines.flow.internal.DownstreamExceptionElement$Key Key -> f
kotlinx.coroutines.flow.internal.DownstreamExceptionElement$Key -> a1.a$a:
kotlinx.coroutines.flow.internal.NoOpContinuation -> a1.b:
    kotlinx.coroutines.flow.internal.NoOpContinuation INSTANCE -> d
    kotlin.coroutines.CoroutineContext context -> e
kotlinx.coroutines.flow.internal.SafeCollector -> a1.c:
    kotlin.coroutines.CoroutineContext lastEmissionContext -> g
    kotlin.coroutines.CoroutineContext collectContext -> e
    int collectContextSize -> f
    kotlinx.coroutines.flow.FlowCollector collector -> d
    kotlin.coroutines.Continuation completion -> h
    void checkContext(kotlin.coroutines.CoroutineContext,kotlin.coroutines.CoroutineContext,java.lang.Object) -> a
    java.lang.Object emit(kotlin.coroutines.Continuation,java.lang.Object) -> b
    void exceptionTransparencyViolated(kotlinx.coroutines.flow.internal.DownstreamExceptionElement,java.lang.Object) -> c
kotlinx.coroutines.flow.internal.SafeCollector$collectContextSize$1 -> a1.c$a:
    kotlinx.coroutines.flow.internal.SafeCollector$collectContextSize$1 INSTANCE -> d
    java.lang.Integer invoke(int,kotlin.coroutines.CoroutineContext$Element) -> a
kotlinx.coroutines.flow.internal.SafeCollectorKt -> a1.d:
    kotlin.jvm.functions.Function3 emitFun -> a
    kotlin.jvm.functions.Function3 access$getEmitFun$p() -> a
kotlinx.coroutines.flow.internal.SafeCollectorKt$emitFun$1 -> a1.d$a:
    kotlinx.coroutines.flow.internal.SafeCollectorKt$emitFun$1 INSTANCE -> d
    java.lang.Object invoke(kotlinx.coroutines.flow.FlowCollector,java.lang.Object,kotlin.coroutines.Continuation) -> b
    java.lang.Object invoke(java.lang.Object,java.lang.Object,java.lang.Object) -> h
kotlinx.coroutines.flow.internal.SafeCollector_commonKt -> a1.e:
    void checkContext(kotlinx.coroutines.flow.internal.SafeCollector,kotlin.coroutines.CoroutineContext) -> a
    kotlinx.coroutines.Job transitiveCoroutineParent(kotlinx.coroutines.Job,kotlinx.coroutines.Job) -> b
kotlinx.coroutines.flow.internal.SafeCollector_commonKt$checkContext$result$1 -> a1.e$a:
    kotlinx.coroutines.flow.internal.SafeCollector $this_checkContext -> d
    java.lang.Integer invoke(int,kotlin.coroutines.CoroutineContext$Element) -> a