build/app/outputs/mapping/release/usage.txt
com.example.namaste_yoga.BuildConfig
com.example.namaste_yoga.R$attr
com.example.namaste_yoga.R$color
com.example.namaste_yoga.R$dimen
com.example.namaste_yoga.R$drawable
com.example.namaste_yoga.R$id
com.example.namaste_yoga.R$integer
com.example.namaste_yoga.R$layout
com.example.namaste_yoga.R$mipmap
com.example.namaste_yoga.R$string
com.example.namaste_yoga.R$style
com.example.namaste_yoga.R$styleable
com.example.namaste_yoga.R$xml
com.example.namaste_yoga.R
...
kotlin.time.AbstractLongTimeSource
kotlin.time.AdjustedTimeMark
kotlin.time.ComparableTimeMark$DefaultImpls
kotlin.time.ComparableTimeMark
kotlin.time.Duration$Companion
kotlin.time.Duration
kotlin.time.DurationJvmKt
kotlin.time.DurationKt
kotlin.time.DurationUnit
kotlin.time.DurationUnitKt
kotlin.time.DurationUnitKt__DurationUnitJvmKt$WhenMappings
kotlin.time.DurationUnitKt__DurationUnitJvmKt
kotlin.time.DurationUnitKt__DurationUnitKt$WhenMappings
kotlin.time.DurationUnitKt__DurationUnitKt
kotlin.time.ExperimentalTime
kotlin.time.LongSaturatedMathKt
kotlin.time.MeasureTimeKt
kotlin.time.MonoTimeSourceKt
kotlin.time.MonotonicTimeSource
kotlin.time.TestTimeSource
kotlin.time.TimeMark$DefaultImpls
kotlin.time.TimeMark
kotlin.time.TimeSource$Companion
kotlin.time.TimeSource$Monotonic$ValueTimeMark
kotlin.time.TimeSource$Monotonic
kotlin.time.TimeSource$WithComparableMarks
kotlin.time.TimeSource
kotlin.time.TimedValue
kotlin.time.jdk8.DurationConversionsJDK8Kt
kotlinx.coroutines.AbstractCoroutine:
    public static synthetic void getContext$annotations()
kotlinx.coroutines.AbstractTimeSource:
    public void <init>()
    public abstract long currentTimeMillis()
kotlinx.coroutines.AbstractTimeSourceKt:
    private static final long currentTimeMillis()
    private static final long nanoTime()
    private static final void parkNanos(java.lang.Object,long)
    private static final void registerTimeLoopThread()
    public static final void setTimeSource(kotlinx.coroutines.AbstractTimeSource)
    private static final void trackTask()
    private static final void unTrackTask()
    private static final void unpark(java.lang.Thread)
    private static final void unregisterTimeLoopThread()
    private static final java.lang.Runnable wrapTask(java.lang.Runnable)
kotlinx.coroutines.AwaitAll$AwaitAllNode
kotlinx.coroutines.AwaitAll$DisposeHandlersOnCancel
kotlinx.coroutines.AwaitAll
kotlinx.coroutines.AwaitKt$joinAll$1
kotlinx.coroutines.AwaitKt$joinAll$3
kotlinx.coroutines.AwaitKt
kotlinx.coroutines.BlockingCoroutine
kotlinx.coroutines.BuildersKt:
    public static final kotlinx.coroutines.Deferred async(kotlinx.coroutines.CoroutineScope,kotlin.coroutines.CoroutineContext,kotlinx.coroutines.CoroutineStart,kotlin.jvm.functions.Function2)
    public static synthetic kotlinx.coroutines.Deferred async$default(kotlinx.coroutines.CoroutineScope,kotlin.coroutines.CoroutineContext,kotlinx.coroutines.CoroutineStart,kotlin.jvm.functions.Function2,int,java.lang.Object)
    public static final java.lang.Object invoke(kotlinx.coroutines.CoroutineDispatcher,kotlin.jvm.functions.Function2,kotlin.coroutines.Continuation)
    public static final java.lang.Object runBlocking(kotlin.coroutines.CoroutineContext,kotlin.jvm.functions.Function2)
    public static synthetic java.lang.Object runBlocking$default(kotlin.coroutines.CoroutineContext,kotlin.jvm.functions.Function2,int,java.lang.Object)
    public static final java.lang.Object withContext(kotlin.coroutines.CoroutineContext,kotlin.jvm.functions.Function2,kotlin.coroutines.Continuation)
kotlinx.coroutines.BuildersKt__BuildersKt